perl check.pl --leak
Test SIMPLE1: passed
Test SIMPLE2: passed
Test SIMPLE3: passed
Test SIMPLE4: passed
Test SIMPLE5: passed
Test BG1: passed
Test BG2: passed
Test BG3: passed
Test LIST1: passed
Test LIST2: passed
Test LIST3: passed
Test LIST4: passed
Test LIST5: passed
Test LIST6: passed
Test LIST7: passed
Test LIST8: passed
Test LIST9: passed
Test COND1: passed
Test COND2: passed
Test COND3: passed
Test COND4: passed
Test COND5: passed
Test COND6: passed
Test COND7: passed
Test COND8: passed
Test COND9: passed
Test COND10: passed
Test COND11: passed
Test COND12: FAILED in 0.337 sec
    Checking for conditional chains and background
    Command  `sleep 0.2 && echo Second & sleep 0.1 && echo First`
    Expected `First Second`
    Got      `Second First`
Test COND13: FAILED in 0.287 sec
    Checking for more conditionals with background
    Command  `echo first && sleep 0.1 && echo third & sleep 0.05 ; echo second ; sleep 0.1 ; echo fourth`
    Expected `first second third fourth`
    Got      `first third second fourth`
Test COND14: FAILED in 0.026 sec
    Checking for non-exit status and ||
    Command  `../build/timeout.sh 0.02 sleep 10 || echo yes`
    Expected `yes`
    Got      `execvp: Permission denied yes`
Test COND15: FAILED in 0.030 sec
    Checking for non-exit status and &&
    Command  `../build/timeout.sh 0.02 sleep 10 && echo no`
    Expected ``
    Got      `execvp: Permission denied`
Test PIPE1: passed
Test PIPE2: passed
Test PIPE3: passed
Test PIPE4: passed
Test PIPE5: passed
Test PIPE6: passed
Test PIPE7: passed
Test PIPE8: passed
Test PIPE9: passed
Test PIPE10: passed
Test PIPE11: passed
Test PIPE12: passed
Test PIPE13: passed
Test PIPE14: passed
Test PIPE15: passed
Test PIPE16: passed
Test PIPE17: passed
Test PIPE18: passed
Test PIPE19: passed
Test PIPE20: passed
Test PIPE21: passed
Test PIPE22: passed
Test PIPE23: passed
Test PIPE24: FAILED in 0.132 sec
    Checking for pipeline and background
    Command  `sleep 0.2 | wc -c | sed s/0/Second/ & sleep 0.1 | wc -c | sed s/0/First/`
    Expected `First Second`
    Got      `First`
Test ZOMBIE1: passed
Test ZOMBIE2: passed
Test REDIR1: passed
Test REDIR2: passed
Test REDIR3: passed
Test REDIR4: passed
Test REDIR5: passed
Test REDIR6: passed
Test REDIR7: passed
Test REDIR8: passed
Test REDIR9: passed
Test REDIR10: passed
Test REDIR11: passed
Test REDIR12: passed
Test REDIR13: passed
Test REDIR14: passed
Test REDIR15: passed
Test REDIR16: passed
Test REDIR17: passed
Test REDIR18: passed
Test CD1: passed
Test CD2: passed
Test CD3: passed
Test CD4: passed
Test CD5: passed
Test CD6: passed
Test CD7: passed
Test CD8: passed
Test INTR1: passed
Test INTR2: passed
Test INTR3: passed
Test INTR4: passed
Test INTR5: FAILED in 0.335 sec
    Checking for interrupt not stopping background
    Command  `sleep 0.2 && echo yes & sleep 0.1 && echo no`
    Expected `yes`
    Got      `[32mmark@ubuntu[0m:[34m~/github/msh/pset5/out[0m% 1703613 yes no`
83 of 89 tests passed
